<?xml version="1.0" encoding="UTF-8"?>
<testng-results ignored="0" total="1" passed="1" failed="0" skipped="0">
  <reporter-output>
  </reporter-output>
  <suite started-at="2025-10-06T10:49:09 IST" name="Suite" finished-at="2025-10-06T10:49:22 IST" duration-ms="12843">
    <groups>
    </groups>
    <test started-at="2025-10-06T10:49:09 IST" name="Test" finished-at="2025-10-06T10:49:22 IST" duration-ms="12843">
      <class name="TestCases.Register">
        <test-method is-config="true" signature="setup()[pri:0, instance:TestCases.Register@1c1bbc4e]" started-at="2025-10-06T10:49:09 IST" name="setup" finished-at="2025-10-06T10:49:19 IST" duration-ms="9877" status="PASS">
          <reporter-output>
          </reporter-output>
        </test-method> <!-- setup -->
        <test-method signature="testLogin()[pri:0, instance:TestCases.Register@1c1bbc4e]" started-at="2025-10-06T10:49:19 IST" name="testLogin" finished-at="2025-10-06T10:49:22 IST" duration-ms="2845" status="PASS">
          <reporter-output>
          </reporter-output>
        </test-method> <!-- testLogin -->
        <test-method is-config="true" signature="teardown()[pri:0, instance:TestCases.Register@1c1bbc4e]" started-at="2025-10-06T10:49:22 IST" name="teardown" finished-at="2025-10-06T10:49:22 IST" duration-ms="87" status="PASS">
          <reporter-output>
          </reporter-output>
        </test-method> <!-- teardown -->
      </class> <!-- TestCases.Register -->
    </test> <!-- Test -->
  </suite> <!-- Suite -->
</testng-results>
